{
  "stats": {
    "suites": 5,
    "tests": 5,
    "passes": 5,
    "pending": 0,
    "failures": 0,
    "start": "2021-11-19T14:45:20.146Z",
    "end": "2021-11-19T14:45:57.774Z",
    "duration": 37628,
    "testsRegistered": 5,
    "passPercent": 100,
    "pendingPercent": 0,
    "other": 0,
    "hasOther": false,
    "skipped": 0,
    "hasSkipped": false
  },
  "results": [
    {
      "uuid": "4a0a8c0b-3a9e-48ff-9652-b2fa5562abb3",
      "title": "",
      "fullFile": "",
      "file": "",
      "beforeHooks": [],
      "afterHooks": [],
      "tests": [],
      "suites": [
        {
          "uuid": "12794239-5597-40f1-82d3-0630357c8ce2",
          "title": "UI test PIXLR",
          "fullFile": "C:\\Users\\daria.dergacheva\\Desktop\\Repo\\mocha-playwright\\specs\\pixlr\\login-exit-pixlr.spec.js",
          "file": "\\specs\\pixlr\\login-exit-pixlr.spec.js",
          "beforeHooks": [
            {
              "title": "\"before each\" hook in \"UI test PIXLR\"",
              "fullTitle": "UI test PIXLR \"before each\" hook in \"UI test PIXLR\"",
              "timedOut": false,
              "duration": 13606,
              "state": null,
              "speed": null,
              "pass": false,
              "fail": false,
              "pending": false,
              "context": null,
              "code": "browser = await _playwright.default.chromium.launch({\n  headless: true,\n  slowMo: 250\n});\ncontext = await browser.newContext();\npage = await context.newPage();\nawait page.goto('https://pixlr.com/ru/');",
              "err": {},
              "uuid": "3f512b82-e7cb-416d-857a-66d65d87b0b4",
              "parentUUID": "12794239-5597-40f1-82d3-0630357c8ce2",
              "isHook": true,
              "skipped": false
            }
          ],
          "afterHooks": [
            {
              "title": "\"after each\" hook in \"UI test PIXLR\"",
              "fullTitle": "UI test PIXLR \"after each\" hook in \"UI test PIXLR\"",
              "timedOut": false,
              "duration": 298,
              "state": null,
              "speed": null,
              "pass": false,
              "fail": false,
              "pending": false,
              "context": null,
              "code": "await page.screenshot({\n  path: 'screenshot/screenshot-pixlr-logout.png'\n});\nawait page.close();\nawait browser.close();",
              "err": {},
              "uuid": "df5e997b-36fb-444b-a08d-8d35b5b70501",
              "parentUUID": "12794239-5597-40f1-82d3-0630357c8ce2",
              "isHook": true,
              "skipped": false
            }
          ],
          "tests": [
            {
              "title": "Login-logout",
              "fullTitle": "UI test PIXLR Login-logout",
              "timedOut": false,
              "duration": 3722,
              "state": "passed",
              "speed": "slow",
              "pass": true,
              "fail": false,
              "pending": false,
              "context": null,
              "code": "await page.click('#login');\nawait page.click('#login-email');\nawait page.fill('#login-email', 'larasa9445@healteas.com');\nawait page.click('#login-password');\nawait page.fill('#login-password', 'qwerty12');\nawait page.click('#login-btn');\nawait page.click('#config_auth > div:nth-child(2) > div.user');\nawait page.click('#logout-btn');\nconst profileName = '#login';\nconst profileNameText = await page.textContent(profileName);\nassert.deepEqual(profileNameText, 'Войти/ зарегистрироваться');",
              "err": {},
              "uuid": "9311ee70-8ec4-4cf5-8f1f-2ee7d401b911",
              "parentUUID": "12794239-5597-40f1-82d3-0630357c8ce2",
              "isHook": false,
              "skipped": false
            }
          ],
          "suites": [],
          "passes": [
            "9311ee70-8ec4-4cf5-8f1f-2ee7d401b911"
          ],
          "failures": [],
          "pending": [],
          "skipped": [],
          "duration": 3722,
          "root": false,
          "rootEmpty": false,
          "_timeout": 50000
        },
        {
          "uuid": "c86a143b-c26c-4f8f-a5a7-e8e8bae2adb3",
          "title": "UI test PIXLR",
          "fullFile": "C:\\Users\\daria.dergacheva\\Desktop\\Repo\\mocha-playwright\\specs\\pixlr\\login-pixlr.spec.js",
          "file": "\\specs\\pixlr\\login-pixlr.spec.js",
          "beforeHooks": [
            {
              "title": "\"before each\" hook in \"UI test PIXLR\"",
              "fullTitle": "UI test PIXLR \"before each\" hook in \"UI test PIXLR\"",
              "timedOut": false,
              "duration": 1537,
              "state": null,
              "speed": null,
              "pass": false,
              "fail": false,
              "pending": false,
              "context": null,
              "code": "browser = await _playwright.default.chromium.launch({\n  headless: true,\n  slowMo: 250\n});\ncontext = await browser.newContext();\npage = await context.newPage();\nawait page.goto('https://pixlr.com/ru/');",
              "err": {},
              "uuid": "cbcc0e12-15f8-4dd9-ae14-608621631c9f",
              "parentUUID": "c86a143b-c26c-4f8f-a5a7-e8e8bae2adb3",
              "isHook": true,
              "skipped": false
            }
          ],
          "afterHooks": [
            {
              "title": "\"after each\" hook in \"UI test PIXLR\"",
              "fullTitle": "UI test PIXLR \"after each\" hook in \"UI test PIXLR\"",
              "timedOut": false,
              "duration": 301,
              "state": null,
              "speed": null,
              "pass": false,
              "fail": false,
              "pending": false,
              "context": null,
              "code": "await page.screenshot({\n  path: 'screenshot/screenshot-pixlr.png'\n});\nawait page.close();\nawait browser.close();",
              "err": {},
              "uuid": "a803b923-1344-4c92-8f61-0268eb19832e",
              "parentUUID": "c86a143b-c26c-4f8f-a5a7-e8e8bae2adb3",
              "isHook": true,
              "skipped": false
            }
          ],
          "tests": [
            {
              "title": "Авторизация PIXLR",
              "fullTitle": "UI test PIXLR Авторизация PIXLR",
              "timedOut": false,
              "duration": 2693,
              "state": "passed",
              "speed": "slow",
              "pass": true,
              "fail": false,
              "pending": false,
              "context": null,
              "code": "await page.click('#login');\nawait page.click('#login-email');\nawait page.fill('#login-email', 'larasa9445@healteas.com');\nawait page.click('#login-password');\nawait page.fill('#login-password', 'qwerty12');\nawait page.click('#login-btn');\nconst profileName = '#config_auth > div:nth-child(2) > div.user';\nconst profileNameText = await page.textContent(profileName);\nassert.deepEqual(profileNameText, 'larasa');",
              "err": {},
              "uuid": "aefbe79c-5365-4efa-87ea-8d7055ce40d6",
              "parentUUID": "c86a143b-c26c-4f8f-a5a7-e8e8bae2adb3",
              "isHook": false,
              "skipped": false
            }
          ],
          "suites": [],
          "passes": [
            "aefbe79c-5365-4efa-87ea-8d7055ce40d6"
          ],
          "failures": [],
          "pending": [],
          "skipped": [],
          "duration": 2693,
          "root": false,
          "rootEmpty": false,
          "_timeout": 50000
        },
        {
          "uuid": "091b14fd-6894-4271-a9ed-ddc4076cb74e",
          "title": "UI test PIXLR",
          "fullFile": "C:\\Users\\daria.dergacheva\\Desktop\\Repo\\mocha-playwright\\specs\\pixlr\\pixlr-accaunt.spec.js",
          "file": "\\specs\\pixlr\\pixlr-accaunt.spec.js",
          "beforeHooks": [
            {
              "title": "\"before each\" hook in \"UI test PIXLR\"",
              "fullTitle": "UI test PIXLR \"before each\" hook in \"UI test PIXLR\"",
              "timedOut": false,
              "duration": 1438,
              "state": null,
              "speed": null,
              "pass": false,
              "fail": false,
              "pending": false,
              "context": null,
              "code": "browser = await _playwright.default.chromium.launch({\n  headless: true,\n  slowMo: 250\n});\ncontext = await browser.newContext();\npage = await context.newPage();\nawait page.goto('https://pixlr.com/ru/');",
              "err": {},
              "uuid": "385d96a8-ac48-4063-acd2-2287359ba884",
              "parentUUID": "091b14fd-6894-4271-a9ed-ddc4076cb74e",
              "isHook": true,
              "skipped": false
            }
          ],
          "afterHooks": [
            {
              "title": "\"after each\" hook in \"UI test PIXLR\"",
              "fullTitle": "UI test PIXLR \"after each\" hook in \"UI test PIXLR\"",
              "timedOut": false,
              "duration": 149,
              "state": null,
              "speed": null,
              "pass": false,
              "fail": false,
              "pending": false,
              "context": null,
              "code": "await page.screenshot({\n  path: 'screenshot/screenshot-pixlr-accaunt.png'\n});\nawait page.close();\nawait browser.close();",
              "err": {},
              "uuid": "cc7468ae-fae4-4ead-acd3-960d39ba724a",
              "parentUUID": "091b14fd-6894-4271-a9ed-ddc4076cb74e",
              "isHook": true,
              "skipped": false
            }
          ],
          "tests": [
            {
              "title": "Переход на страницу профиля",
              "fullTitle": "UI test PIXLR Переход на страницу профиля",
              "timedOut": false,
              "duration": 3781,
              "state": "passed",
              "speed": "slow",
              "pass": true,
              "fail": false,
              "pending": false,
              "context": null,
              "code": "await page.click('#login');\nawait page.click('#login-email');\nawait page.fill('#login-email', 'larasa9445@healteas.com');\nawait page.click('#login-password');\nawait page.fill('#login-password', 'qwerty12');\nawait page.click('#login-btn');\nawait page.click('#config_auth > div:nth-child(2) > div.user');\nawait page.click('#user-menu > a:nth-child(2)');\nconst profileName = '#profile > h3';\nconst profileNameText = await page.textContent(profileName);\nassert.deepEqual(profileNameText, 'Профиль');",
              "err": {},
              "uuid": "ee3dc7d1-fad8-4f7a-8dc6-e9d08a6da434",
              "parentUUID": "091b14fd-6894-4271-a9ed-ddc4076cb74e",
              "isHook": false,
              "skipped": false
            }
          ],
          "suites": [],
          "passes": [
            "ee3dc7d1-fad8-4f7a-8dc6-e9d08a6da434"
          ],
          "failures": [],
          "pending": [],
          "skipped": [],
          "duration": 3781,
          "root": false,
          "rootEmpty": false,
          "_timeout": 50000
        },
        {
          "uuid": "9265d2b2-ef7c-4294-aba1-efc20095179c",
          "title": "UI test PIXLR",
          "fullFile": "C:\\Users\\daria.dergacheva\\Desktop\\Repo\\mocha-playwright\\specs\\pixlr\\pixlr-e.spec.js",
          "file": "\\specs\\pixlr\\pixlr-e.spec.js",
          "beforeHooks": [
            {
              "title": "\"before each\" hook in \"UI test PIXLR\"",
              "fullTitle": "UI test PIXLR \"before each\" hook in \"UI test PIXLR\"",
              "timedOut": false,
              "duration": 1544,
              "state": null,
              "speed": null,
              "pass": false,
              "fail": false,
              "pending": false,
              "context": null,
              "code": "browser = await _playwright.default.chromium.launch({\n  headless: true,\n  slowMo: 250\n});\ncontext = await browser.newContext();\npage = await context.newPage();\nawait page.goto('https://pixlr.com/ru/');",
              "err": {},
              "uuid": "4d286f24-d0d4-42d7-92c2-53a1aa89a4f3",
              "parentUUID": "9265d2b2-ef7c-4294-aba1-efc20095179c",
              "isHook": true,
              "skipped": false
            }
          ],
          "afterHooks": [
            {
              "title": "\"after each\" hook in \"UI test PIXLR\"",
              "fullTitle": "UI test PIXLR \"after each\" hook in \"UI test PIXLR\"",
              "timedOut": false,
              "duration": 150,
              "state": null,
              "speed": null,
              "pass": false,
              "fail": false,
              "pending": false,
              "context": null,
              "code": "await page.screenshot({\n  path: 'screenshot/screenshot-pixlr-e.png'\n});\nawait page.close();\nawait browser.close();",
              "err": {},
              "uuid": "d46c8e26-8b51-4673-bfb5-45f48204f205",
              "parentUUID": "9265d2b2-ef7c-4294-aba1-efc20095179c",
              "isHook": true,
              "skipped": false
            }
          ],
          "tests": [
            {
              "title": "Страница PIXLR-E",
              "fullTitle": "UI test PIXLR Страница PIXLR-E",
              "timedOut": false,
              "duration": 3341,
              "state": "passed",
              "speed": "slow",
              "pass": true,
              "fail": false,
              "pending": false,
              "context": null,
              "code": "await page.click('#login');\nawait page.click('#login-email');\nawait page.fill('#login-email', 'larasa9445@healteas.com');\nawait page.click('#login-password');\nawait page.fill('#login-password', 'qwerty12');\nawait page.click('#login-btn');\nawait page.click('#editor-selector > a:nth-child(1)');\nconst profileName = '#home-logo > span';\nconst profileNameText = await page.textContent(profileName);\nassert.deepEqual(profileNameText, 'Pixlr E');",
              "err": {},
              "uuid": "2838613c-fdfd-4e4c-8aa4-2add86ff82ce",
              "parentUUID": "9265d2b2-ef7c-4294-aba1-efc20095179c",
              "isHook": false,
              "skipped": false
            }
          ],
          "suites": [],
          "passes": [
            "2838613c-fdfd-4e4c-8aa4-2add86ff82ce"
          ],
          "failures": [],
          "pending": [],
          "skipped": [],
          "duration": 3341,
          "root": false,
          "rootEmpty": false,
          "_timeout": 50000
        },
        {
          "uuid": "03bf3ee6-a4b4-49bf-b2a2-58382a702319",
          "title": "UI test PIXLR",
          "fullFile": "C:\\Users\\daria.dergacheva\\Desktop\\Repo\\mocha-playwright\\specs\\pixlr\\pixlr-x.spec.js",
          "file": "\\specs\\pixlr\\pixlr-x.spec.js",
          "beforeHooks": [
            {
              "title": "\"before each\" hook in \"UI test PIXLR\"",
              "fullTitle": "UI test PIXLR \"before each\" hook in \"UI test PIXLR\"",
              "timedOut": false,
              "duration": 1607,
              "state": null,
              "speed": null,
              "pass": false,
              "fail": false,
              "pending": false,
              "context": null,
              "code": "browser = await _playwright.default.chromium.launch({\n  headless: true,\n  slowMo: 250\n});\ncontext = await browser.newContext();\npage = await context.newPage();\nawait page.goto('https://pixlr.com/ru/');",
              "err": {},
              "uuid": "90140b49-ff06-4791-9c66-2cff08ed829e",
              "parentUUID": "03bf3ee6-a4b4-49bf-b2a2-58382a702319",
              "isHook": true,
              "skipped": false
            }
          ],
          "afterHooks": [
            {
              "title": "\"after each\" hook in \"UI test PIXLR\"",
              "fullTitle": "UI test PIXLR \"after each\" hook in \"UI test PIXLR\"",
              "timedOut": false,
              "duration": 142,
              "state": null,
              "speed": null,
              "pass": false,
              "fail": false,
              "pending": false,
              "context": null,
              "code": "await page.screenshot({\n  path: 'screenshot/screenshot-pixlr-x.png'\n});\nawait page.close();\nawait browser.close();",
              "err": {},
              "uuid": "86318a8a-8268-479e-b485-4a706b16bdfb",
              "parentUUID": "03bf3ee6-a4b4-49bf-b2a2-58382a702319",
              "isHook": true,
              "skipped": false
            }
          ],
          "tests": [
            {
              "title": "Страница PIXLR-X",
              "fullTitle": "UI test PIXLR Страница PIXLR-X",
              "timedOut": false,
              "duration": 3269,
              "state": "passed",
              "speed": "slow",
              "pass": true,
              "fail": false,
              "pending": false,
              "context": null,
              "code": "await page.click('#login');\nawait page.click('#login-email');\nawait page.fill('#login-email', 'larasa9445@healteas.com');\nawait page.click('#login-password');\nawait page.fill('#login-password', 'qwerty12');\nawait page.click('#login-btn');\nawait page.click('#editor-selector > a:nth-child(3)');\nconst profileName = '#home-logo > span';\nconst profileNameText = await page.textContent(profileName);\nassert.deepEqual(profileNameText, 'Pixlr X');",
              "err": {},
              "uuid": "7236ed7b-3864-4f4c-b27d-c0c22a287b00",
              "parentUUID": "03bf3ee6-a4b4-49bf-b2a2-58382a702319",
              "isHook": false,
              "skipped": false
            }
          ],
          "suites": [],
          "passes": [
            "7236ed7b-3864-4f4c-b27d-c0c22a287b00"
          ],
          "failures": [],
          "pending": [],
          "skipped": [],
          "duration": 3269,
          "root": false,
          "rootEmpty": false,
          "_timeout": 50000
        }
      ],
      "passes": [],
      "failures": [],
      "pending": [],
      "skipped": [],
      "duration": 0,
      "root": true,
      "rootEmpty": true,
      "_timeout": 50000
    }
  ],
  "meta": {
    "mocha": {
      "version": "9.1.3"
    },
    "mochawesome": {
      "options": {
        "quiet": false,
        "reportFilename": "mochawesome",
        "saveHtml": true,
        "saveJson": true,
        "consoleReporter": "spec",
        "useInlineDiffs": false,
        "code": true
      },
      "version": "7.0.1"
    },
    "marge": {
      "options": {
        "id": "default"
      },
      "version": "6.0.1"
    }
  }
}